{
  "RSpec": {
    "coverage": {
      "/Users/student/Makers/Week_4/Day2/bookmarks/spec/features/add_bookmark_spec.rb": [
        1,
        null,
        1,
        1,
        1,
        null,
        1,
        1,
        1,
        null,
        1,
        1,
        0,
        0,
        null,
        null
      ],
      "/Users/student/Makers/Week_4/Day2/bookmarks/spec/features/viewing_bookmarks_spec.rb": [
        null,
        1,
        null,
        1,
        1,
        1,
        null,
        null,
        1,
        1,
        1,
        null,
        1,
        null,
        1,
        1,
        1,
        null,
        null
      ],
      "/Users/student/Makers/Week_4/Day2/bookmarks/spec/units/bookmark_spec.rb": [
        1,
        1,
        1,
        1,
        1,
        null,
        null,
        1,
        1,
        1,
        null,
        1,
        null,
        1,
        1,
        1,
        null,
        null,
        null
      ]
    },
    "timestamp": 1551280196
  }
}
